#
# A fatal error has been detected by the Java Runtime Environment:
#
#  EXCEPTION_ACCESS_VIOLATION (0xc0000005) at pc=0x0000000050766072, pid=11008, tid=0x0000000000002ae8
#
# JRE version: Java(TM) SE Runtime Environment (8.0_111-b14) (build 1.8.0_111-b14)
# Java VM: Java HotSpot(TM) 64-Bit Server VM (25.111-b14 mixed mode windows-amd64 compressed oops)
# Problematic frame:
# V  [jvm.dll+0x456072]
#
# Failed to write core dump. Minidumps are not enabled by default on client versions of Windows
#
# If you would like to submit a bug report, please visit:
#   http://bugreport.java.com/bugreport/crash.jsp
#

---------------  T H R E A D  ---------------

Current thread (0x0000000015641800):  JavaThread "C2 CompilerThread0" daemon [_thread_in_native, id=10984, stack(0x00000000165b0000,0x00000000166b0000)]

siginfo: ExceptionCode=0xc0000005, reading address 0x0000000000000000

Registers:
RAX=0x0000000016860c38, RBX=0x0000000000000060, RCX=0x0000000000000000, RDX=0x000000001a667850
RSP=0x00000000166ac6a0, RBP=0x000000000000000c, RSI=0x0000000000000006, RDI=0x0000000000000000
R8 =0x0000000050310000, R9 =0x00000000166ac9c0, R10=0x00000000ffffffff, R11=0x000000000000007e
R12=0x0000000016861360, R13=0x000000002246c2e8, R14=0x0000000000000008, R15=0x000000002246c2e8
RIP=0x0000000050766072, EFLAGS=0x0000000000010283

Top of Stack: (sp=0x00000000166ac6a0)
0x00000000166ac6a0:   00000000000000de 00000000223c8fc0
0x00000000166ac6b0:   0000000000000000 00000000189332e8
0x00000000166ac6c0:   0000000000001000 0000000000000060
0x00000000166ac6d0:   0000000000000018 000000000000000c
0x00000000166ac6e0:   000000001ece29c0 00000000032499a0
0x00000000166ac6f0:   0000000000001730 00000000223c8fc0
0x00000000166ac700:   00000000166ac9c0 000000001685b5c0
0x00000000166ac710:   0000000000000020 0000000000000008
0x00000000166ac720:   0000000016861330 00000000000000de
0x00000000166ac730:   000000002246c2e8 0000000050766c4d
0x00000000166ac740:   0000000016861330 0000000000000020
0x00000000166ac750:   00000000000000de 00000000166ac9c0
0x00000000166ac760:   000000001a667850 00000000000000de
0x00000000166ac770:   000000001685b5c0 0000000000000020
0x00000000166ac780:   0000000021a819c0 00000000166aed70
0x00000000166ac790:   0000000021a81870 0000000016861330 

Instructions: (pc=0x0000000050766072)
0x0000000050766052:   c6 48 63 f0 48 03 f1 eb 04 48 83 ce ff 48 8b 84
0x0000000050766062:   24 a0 00 00 00 48 8b 40 08 48 8b 3c 03 48 8b cf
0x0000000050766072:   48 8b 07 ff 50 28 4c 8d 05 81 9f ba ff 48 63 50
0x0000000050766082:   10 4c 8b d8 48 8b ca 48 c1 e1 05 42 80 bc 01 90 


Register to memory mapping:

RAX=0x0000000016860c38 is an unknown value
RBX=0x0000000000000060 is an unknown value
RCX=0x0000000000000000 is an unknown value
RDX=0x000000001a667850 is an unknown value
RSP=0x00000000166ac6a0 is pointing into the stack for thread: 0x0000000015641800
RBP=0x000000000000000c is an unknown value
RSI=0x0000000000000006 is an unknown value
RDI=0x0000000000000000 is an unknown value
R8 =0x0000000050310000 is an unknown value
R9 =0x00000000166ac9c0 is pointing into the stack for thread: 0x0000000015641800
R10=0x00000000ffffffff is an unallocated location in the heap
R11=0x000000000000007e is an unknown value
R12=0x0000000016861360 is an unknown value
R13=0x000000002246c2e8 is an unknown value
R14=0x0000000000000008 is an unknown value
R15=0x000000002246c2e8 is an unknown value


Stack: [0x00000000165b0000,0x00000000166b0000],  sp=0x00000000166ac6a0,  free space=1009k
Native frames: (J=compiled Java code, j=interpreted, Vv=VM code, C=native code)
V  [jvm.dll+0x456072]
V  [jvm.dll+0x456c4d]
V  [jvm.dll+0x45718f]
V  [jvm.dll+0x4fbeb4]
V  [jvm.dll+0x473882]
V  [jvm.dll+0x476057]
V  [jvm.dll+0x4589b2]
V  [jvm.dll+0xa5742]
V  [jvm.dll+0xa607f]
V  [jvm.dll+0x244b7f]
V  [jvm.dll+0x29c43a]
C  [msvcr100.dll+0x21d9f]
C  [msvcr100.dll+0x21e3b]
C  [KERNEL32.DLL+0x8364]
C  [ntdll.dll+0x670d1]


Current CompileTask:
C2:4295783 44445       4       scala.tools.nsc.symtab.classfile.Pickler$Pickle::writeSymbolBody$1 (36 bytes)


---------------  P R O C E S S  ---------------

Java Threads: ( => current thread )
  0x00000000225c8800 JavaThread "pool-35-thread-2" [_thread_in_Java, id=9720, stack(0x0000000038270000,0x0000000038370000)]
  0x00000000225c1000 JavaThread "pool-35-thread-1" [_thread_blocked, id=13132, stack(0x0000000038170000,0x0000000038270000)]
  0x000000001ae0a800 JavaThread "application-akka.actor.default-dispatcher-10" [_thread_blocked, id=7464, stack(0x0000000037270000,0x0000000037370000)]
  0x00000000225cd000 JavaThread "application-scheduler-1" [_thread_blocked, id=11236, stack(0x0000000035a70000,0x0000000035b70000)]
  0x00000000225ca000 JavaThread "net.sf.ehcache.CacheManager@24cee7ec" daemon [_thread_blocked, id=204, stack(0x0000000035770000,0x0000000035870000)]
  0x00000000225c6000 JavaThread "Hikari Housekeeping Timer (pool HikariPool-5)" daemon [_thread_blocked, id=5136, stack(0x0000000035570000,0x0000000035670000)]
  0x00000000225c7800 JavaThread "Timer-0" daemon [_thread_blocked, id=11720, stack(0x0000000028e70000,0x0000000028f70000)]
  0x000000001ae0e800 JavaThread "Hikari Housekeeping Timer (pool HikariPool-0)" daemon [_thread_blocked, id=6884, stack(0x0000000026870000,0x0000000026970000)]
  0x0000000018c56800 JavaThread "Abandoned connection cleanup thread" daemon [_thread_blocked, id=10932, stack(0x0000000026600000,0x0000000026700000)]
  0x000000001ae0d000 JavaThread "New I/O server boss #5" [_thread_in_native, id=11344, stack(0x000000001ff00000,0x0000000020000000)]
  0x000000001ae08000 JavaThread "New I/O worker #4" [_thread_in_native, id=11312, stack(0x000000001fe00000,0x000000001ff00000)]
  0x000000001ae0d800 JavaThread "New I/O worker #3" [_thread_blocked, id=11120, stack(0x000000001fd00000,0x000000001fe00000)]
  0x000000001ae0b000 JavaThread "New I/O worker #2" [_thread_blocked, id=8816, stack(0x000000001fc00000,0x000000001fd00000)]
  0x000000001ae09800 JavaThread "New I/O worker #1" [_thread_in_native, id=11324, stack(0x000000001eac0000,0x000000001ebc0000)]
  0x0000000018c5a000 JavaThread "application-akka.actor.default-dispatcher-3" [_thread_blocked, id=11156, stack(0x000000001e7c0000,0x000000001e8c0000)]
  0x0000000018c59800 JavaThread "application-scheduler-1" [_thread_blocked, id=7320, stack(0x000000001e3c0000,0x000000001e4c0000)]
  0x0000000018c54000 JavaThread "sbt-play-watch-service" daemon [_thread_blocked, id=13204, stack(0x000000001dec0000,0x000000001dfc0000)]
  0x0000000018c58800 JavaThread "Thread-1" daemon [_thread_in_native, id=10144, stack(0x000000001ddc0000,0x000000001dec0000)]
  0x0000000018c53800 JavaThread "pool-4-thread-4" [_thread_in_native, id=10260, stack(0x000000001dbc0000,0x000000001dcc0000)]
  0x000000001855a800 JavaThread "sbt-web-akka.actor.default-dispatcher-3" [_thread_blocked, id=6900, stack(0x000000001d3c0000,0x000000001d4c0000)]
  0x0000000019e32800 JavaThread "sbt-web-scheduler-1" [_thread_in_vm, id=9376, stack(0x000000001cfc0000,0x000000001d0c0000)]
  0x00000000166c4800 JavaThread "Service Thread" daemon [_thread_blocked, id=6816, stack(0x0000000016bb0000,0x0000000016cb0000)]
  0x0000000015689000 JavaThread "C1 CompilerThread1" daemon [_thread_blocked, id=10256, stack(0x0000000016ab0000,0x0000000016bb0000)]
=>0x0000000015641800 JavaThread "C2 CompilerThread0" daemon [_thread_in_native, id=10984, stack(0x00000000165b0000,0x00000000166b0000)]
  0x0000000015640000 JavaThread "Attach Listener" daemon [_thread_blocked, id=4404, stack(0x00000000164b0000,0x00000000165b0000)]
  0x000000001563f800 JavaThread "Signal Dispatcher" daemon [_thread_blocked, id=4460, stack(0x00000000163b0000,0x00000000164b0000)]
  0x00000000155d8800 JavaThread "Finalizer" daemon [_thread_blocked, id=6172, stack(0x0000000016220000,0x0000000016320000)]
  0x000000000324f000 JavaThread "Reference Handler" daemon [_thread_blocked, id=11408, stack(0x0000000016120000,0x0000000016220000)]
  0x0000000003163000 JavaThread "main" [_thread_blocked, id=12776, stack(0x0000000002fc0000,0x00000000030c0000)]

Other Threads:
  0x00000000155b5000 VMThread [stack: 0x0000000016020000,0x0000000016120000] [id=10644]
  0x00000000166f6000 WatcherThread [stack: 0x0000000016cb0000,0x0000000016db0000] [id=11776]

VM state:not at safepoint (normal execution)

VM Mutex/Monitor currently owned by a thread: None

Heap:
 PSYoungGen      total 227840K, used 84547K [0x00000000eb400000, 0x00000000ff480000, 0x0000000100000000)
  eden space 164352K, 14% used [0x00000000eb400000,0x00000000ecbf05f8,0x00000000f5480000)
  from space 63488K, 94% used [0x00000000f9c80000,0x00000000fd7208b0,0x00000000fda80000)
  to   space 73728K, 0% used [0x00000000f5480000,0x00000000f5480000,0x00000000f9c80000)
 ParOldGen       total 229888K, used 112719K [0x00000000c1c00000, 0x00000000cfc80000, 0x00000000eb400000)
  object space 229888K, 49% used [0x00000000c1c00000,0x00000000c8a13fa8,0x00000000cfc80000)
 Metaspace       used 176593K, capacity 178469K, committed 181632K, reserved 1202176K
  class space    used 26538K, capacity 27205K, committed 29824K, reserved 1048576K

Card table byte_map: [0x0000000012620000,0x0000000012820000] byte_map_base: 0x0000000012012000

Marking Bits: (ParMarkBitMap*) 0x0000000050b2a6c0
 Begin Bits: [0x0000000012b70000, 0x0000000013b00000)
 End Bits:   [0x0000000013b00000, 0x0000000014a90000)

Polling page: 0x00000000030c0000

CodeCache: size=245760Kb used=106924Kb max_used=107498Kb free=138835Kb
 bounds [0x0000000003260000, 0x0000000009d10000, 0x0000000012260000]
 total_blobs=31542 nmethods=30891 adapters=553
 compilation: enabled

Compilation events (10 events):
Event: 4292.689 Thread 0x0000000015689000 44517       2       xsbt.Dependency$ExtractDependenciesByMemberRefTraverser$$anonfun$traverse$2::apply (9 bytes)
Event: 4292.690 Thread 0x0000000015689000 nmethod 44517 0x000000000533a3d0 code [0x000000000533a540, 0x000000000533a6c8]
Event: 4292.695 Thread 0x0000000015689000 44518       2       scala.reflect.internal.Types$AnnotatedType::typeSymbol (5 bytes)
Event: 4292.738 Thread 0x0000000015689000 nmethod 44518 0x000000000533a010 code [0x000000000533a180, 0x000000000533a308]
Event: 4292.738 Thread 0x0000000015689000 44521       2       xsbt.Dependency::xsbt$Dependency$$enclosingTopLevelClass (5 bytes)
Event: 4292.738 Thread 0x0000000015689000 nmethod 44521 0x0000000005339c90 code [0x0000000005339e00, 0x0000000005339f88]
Event: 4292.738 Thread 0x0000000015689000 44519       2       xsbt.Dependency$$anonfun$xsbt$Dependency$$extractDependenciesByMemberRef$1::apply (9 bytes)
Event: 4292.739 Thread 0x0000000015689000 nmethod 44519 0x0000000005339850 code [0x00000000053399c0, 0x0000000005339b88]
Event: 4292.739 Thread 0x0000000015689000 44520       2       xsbt.Dependency$$anonfun$xsbt$Dependency$$extractDependenciesByMemberRef$1::apply (9 bytes)
Event: 4292.740 Thread 0x0000000015689000 nmethod 44520 0x0000000005339490 code [0x0000000005339600, 0x0000000005339788]

GC Heap History (10 events):
Event: 3435.229 GC heap before
{Heap before GC invocations=118 (full 6):
 PSYoungGen      total 226304K, used 160563K [0x00000000eb400000, 0x00000000fe280000, 0x0000000100000000)
  eden space 139776K, 100% used [0x00000000eb400000,0x00000000f3c80000,0x00000000f3c80000)
  from space 86528K, 24% used [0x00000000f3c80000,0x00000000f50ccce8,0x00000000f9100000)
  to   space 80384K, 0% used [0x00000000f9400000,0x00000000f9400000,0x00000000fe280000)
 ParOldGen       total 229888K, used 112703K [0x00000000c1c00000, 0x00000000cfc80000, 0x00000000eb400000)
  object space 229888K, 49% used [0x00000000c1c00000,0x00000000c8a0ffa8,0x00000000cfc80000)
 Metaspace       used 169647K, capacity 171435K, committed 180268K, reserved 1200128K
  class space    used 25395K, capacity 26020K, committed 29824K, reserved 1048576K
Event: 3435.297 GC heap after
Heap after GC invocations=118 (full 6):
 PSYoungGen      total 220160K, used 16947K [0x00000000eb400000, 0x00000000fd900000, 0x0000000100000000)
  eden space 149504K, 0% used [0x00000000eb400000,0x00000000eb400000,0x00000000f4600000)
  from space 70656K, 23% used [0x00000000f9400000,0x00000000fa48cfd0,0x00000000fd900000)
  to   space 75264K, 0% used [0x00000000f4600000,0x00000000f4600000,0x00000000f8f80000)
 ParOldGen       total 229888K, used 112703K [0x00000000c1c00000, 0x00000000cfc80000, 0x00000000eb400000)
  object space 229888K, 49% used [0x00000000c1c00000,0x00000000c8a0ffa8,0x00000000cfc80000)
 Metaspace       used 169647K, capacity 171435K, committed 180268K, reserved 1200128K
  class space    used 25395K, capacity 26020K, committed 29824K, reserved 1048576K
}
Event: 3446.437 GC heap before
{Heap before GC invocations=119 (full 6):
 PSYoungGen      total 220160K, used 166451K [0x00000000eb400000, 0x00000000fd900000, 0x0000000100000000)
  eden space 149504K, 100% used [0x00000000eb400000,0x00000000f4600000,0x00000000f4600000)
  from space 70656K, 23% used [0x00000000f9400000,0x00000000fa48cfd0,0x00000000fd900000)
  to   space 75264K, 0% used [0x00000000f4600000,0x00000000f4600000,0x00000000f8f80000)
 ParOldGen       total 229888K, used 112703K [0x00000000c1c00000, 0x00000000cfc80000, 0x00000000eb400000)
  object space 229888K, 49% used [0x00000000c1c00000,0x00000000c8a0ffa8,0x00000000cfc80000)
 Metaspace       used 171495K, capacity 173259K, committed 180268K, reserved 1200128K
  class space    used 25653K, capacity 26244K, committed 29824K, reserved 1048576K
Event: 3446.602 GC heap after
Heap after GC invocations=119 (full 6):
 PSYoungGen      total 224768K, used 9090K [0x00000000eb400000, 0x00000000fdd80000, 0x0000000100000000)
  eden space 149504K, 0% used [0x00000000eb400000,0x00000000eb400000,0x00000000f4600000)
  from space 75264K, 12% used [0x00000000f4600000,0x00000000f4ee0a88,0x00000000f8f80000)
  to   space 72192K, 0% used [0x00000000f9700000,0x00000000f9700000,0x00000000fdd80000)
 ParOldGen       total 229888K, used 112703K [0x00000000c1c00000, 0x00000000cfc80000, 0x00000000eb400000)
  object space 229888K, 49% used [0x00000000c1c00000,0x00000000c8a0ffa8,0x00000000cfc80000)
 Metaspace       used 171495K, capacity 173259K, committed 180268K, reserved 1200128K
  class space    used 25653K, capacity 26244K, committed 29824K, reserved 1048576K
}
Event: 4245.900 GC heap before
{Heap before GC invocations=120 (full 6):
 PSYoungGen      total 224768K, used 158594K [0x00000000eb400000, 0x00000000fdd80000, 0x0000000100000000)
  eden space 149504K, 100% used [0x00000000eb400000,0x00000000f4600000,0x00000000f4600000)
  from space 75264K, 12% used [0x00000000f4600000,0x00000000f4ee0a88,0x00000000f8f80000)
  to   space 72192K, 0% used [0x00000000f9700000,0x00000000f9700000,0x00000000fdd80000)
 ParOldGen       total 229888K, used 112703K [0x00000000c1c00000, 0x00000000cfc80000, 0x00000000eb400000)
  object space 229888K, 49% used [0x00000000c1c00000,0x00000000c8a0ffa8,0x00000000cfc80000)
 Metaspace       used 174738K, capacity 176653K, committed 180268K, reserved 1200128K
  class space    used 26223K, capacity 26838K, committed 29824K, reserved 1048576K
Event: 4250.604 GC heap after
Heap after GC invocations=120 (full 6):
 PSYoungGen      total 220160K, used 20756K [0x00000000eb400000, 0x00000000fd280000, 0x0000000100000000)
  eden space 159232K, 0% used [0x00000000eb400000,0x00000000eb400000,0x00000000f4f80000)
  from space 60928K, 34% used [0x00000000f9700000,0x00000000fab45198,0x00000000fd280000)
  to   space 67072K, 0% used [0x00000000f4f80000,0x00000000f4f80000,0x00000000f9100000)
 ParOldGen       total 229888K, used 112711K [0x00000000c1c00000, 0x00000000cfc80000, 0x00000000eb400000)
  object space 229888K, 49% used [0x00000000c1c00000,0x00000000c8a11fa8,0x00000000cfc80000)
 Metaspace       used 174738K, capacity 176653K, committed 180268K, reserved 1200128K
  class space    used 26223K, capacity 26838K, committed 29824K, reserved 1048576K
}
Event: 4266.081 GC heap before
{Heap before GC invocations=121 (full 6):
 PSYoungGen      total 220160K, used 179988K [0x00000000eb400000, 0x00000000fd280000, 0x0000000100000000)
  eden space 159232K, 100% used [0x00000000eb400000,0x00000000f4f80000,0x00000000f4f80000)
  from space 60928K, 34% used [0x00000000f9700000,0x00000000fab45198,0x00000000fd280000)
  to   space 67072K, 0% used [0x00000000f4f80000,0x00000000f4f80000,0x00000000f9100000)
 ParOldGen       total 229888K, used 112711K [0x00000000c1c00000, 0x00000000cfc80000, 0x00000000eb400000)
  object space 229888K, 49% used [0x00000000c1c00000,0x00000000c8a11fa8,0x00000000cfc80000)
 Metaspace       used 175982K, capacity 177837K, committed 181292K, reserved 1200128K
  class space    used 26360K, capacity 26977K, committed 29824K, reserved 1048576K
Event: 4266.970 GC heap after
Heap after GC invocations=121 (full 6):
 PSYoungGen      total 226304K, used 15263K [0x00000000eb400000, 0x00000000fda80000, 0x0000000100000000)
  eden space 159232K, 0% used [0x00000000eb400000,0x00000000eb400000,0x00000000f4f80000)
  from space 67072K, 22% used [0x00000000f4f80000,0x00000000f5e67fd0,0x00000000f9100000)
  to   space 63488K, 0% used [0x00000000f9c80000,0x00000000f9c80000,0x00000000fda80000)
 ParOldGen       total 229888K, used 112719K [0x00000000c1c00000, 0x00000000cfc80000, 0x00000000eb400000)
  object space 229888K, 49% used [0x00000000c1c00000,0x00000000c8a13fa8,0x00000000cfc80000)
 Metaspace       used 175982K, capacity 177837K, committed 181292K, reserved 1200128K
  class space    used 26360K, capacity 26977K, committed 29824K, reserved 1048576K
}
Event: 4288.771 GC heap before
{Heap before GC invocations=122 (full 6):
 PSYoungGen      total 226304K, used 174495K [0x00000000eb400000, 0x00000000fda80000, 0x0000000100000000)
  eden space 159232K, 100% used [0x00000000eb400000,0x00000000f4f80000,0x00000000f4f80000)
  from space 67072K, 22% used [0x00000000f4f80000,0x00000000f5e67fd0,0x00000000f9100000)
  to   space 63488K, 0% used [0x00000000f9c80000,0x00000000f9c80000,0x00000000fda80000)
 ParOldGen       total 229888K, used 112719K [0x00000000c1c00000, 0x00000000cfc80000, 0x00000000eb400000)
  object space 229888K, 49% used [0x00000000c1c00000,0x00000000c8a13fa8,0x00000000cfc80000)
 Metaspace       used 176392K, capacity 178309K, committed 181632K, reserved 1202176K
  class space    used 26494K, capacity 27173K, committed 29824K, reserved 1048576K
Event: 4291.867 GC heap after
Heap after GC invocations=122 (full 6):
 PSYoungGen      total 227840K, used 60034K [0x00000000eb400000, 0x00000000ff480000, 0x0000000100000000)
  eden space 164352K, 0% used [0x00000000eb400000,0x00000000eb400000,0x00000000f5480000)
  from space 63488K, 94% used [0x00000000f9c80000,0x00000000fd7208b0,0x00000000fda80000)
  to   space 73728K, 0% used [0x00000000f5480000,0x00000000f5480000,0x00000000f9c80000)
 ParOldGen       total 229888K, used 112719K [0x00000000c1c00000, 0x00000000cfc80000, 0x00000000eb400000)
  object space 229888K, 49% used [0x00000000c1c00000,0x00000000c8a13fa8,0x00000000cfc80000)
 Metaspace       used 176392K, capacity 178309K, committed 181632K, reserved 1202176K
  class space    used 26494K, capacity 27173K, committed 29824K, reserved 1048576K
}

Deoptimization events (10 events):
Event: 4285.470 Thread 0x00000000225c8800 Uncommon trap: reason=bimorphic action=maybe_recompile pc=0x000000000930d308 method=scala.reflect.internal.tpe.TypeComparers$class.fourthTry$1(Lscala/reflect/internal/SymbolTable;Lscala/reflect/internal/Types$Type;Lscala/reflect/internal/Types$Type;I)Z @ 
Event: 4287.515 Thread 0x00000000225c8800 Uncommon trap: reason=class_check action=maybe_recompile pc=0x00000000042bb95c method=scala.tools.nsc.typechecker.Typers$Typer$checkNoEscaping$.checkNoEscape$1(Lscala/reflect/internal/Symbols$Symbol;)V @ 239
Event: 4287.517 Thread 0x00000000225c8800 Uncommon trap: reason=class_check action=maybe_recompile pc=0x00000000042bb95c method=scala.tools.nsc.typechecker.Typers$Typer$checkNoEscaping$.checkNoEscape$1(Lscala/reflect/internal/Symbols$Symbol;)V @ 239
Event: 4287.517 Thread 0x00000000225c8800 Uncommon trap: reason=class_check action=maybe_recompile pc=0x00000000042bb95c method=scala.tools.nsc.typechecker.Typers$Typer$checkNoEscaping$.checkNoEscape$1(Lscala/reflect/internal/Symbols$Symbol;)V @ 239
Event: 4287.517 Thread 0x00000000225c8800 Uncommon trap: reason=class_check action=maybe_recompile pc=0x00000000042bb95c method=scala.tools.nsc.typechecker.Typers$Typer$checkNoEscaping$.checkNoEscape$1(Lscala/reflect/internal/Symbols$Symbol;)V @ 239
Event: 4287.613 Thread 0x00000000225c8800 Uncommon trap: reason=unstable_if action=reinterpret pc=0x0000000003d0e280 method=scala.reflect.internal.Trees$FindTreeTraverser.traverse(Lscala/reflect/internal/Trees$Tree;)V @ 23
Event: 4287.657 Thread 0x00000000225c8800 Uncommon trap: reason=class_check action=maybe_recompile pc=0x00000000048302d8 method=scala.collection.mutable.ArrayBuilder$.make(Lscala/reflect/ClassTag;)Lscala/collection/mutable/ArrayBuilder; @ 12
Event: 4287.657 Thread 0x00000000225c8800 Uncommon trap: reason=class_check action=maybe_recompile pc=0x00000000048302d8 method=scala.collection.mutable.ArrayBuilder$.make(Lscala/reflect/ClassTag;)Lscala/collection/mutable/ArrayBuilder; @ 12
Event: 4288.271 Thread 0x00000000225c8800 Uncommon trap: reason=unstable_if action=reinterpret pc=0x00000000089e6844 method=scala.tools.nsc.typechecker.SuperAccessors$SuperAccTransformer.transform(Lscala/reflect/internal/Trees$Tree;)Lscala/reflect/internal/Trees$Tree; @ 489
Event: 4288.391 Thread 0x00000000225c8800 Uncommon trap: reason=speculate_class_check action=maybe_recompile pc=0x000000000462d118 method=scala.collection.immutable.List.foreach(Lscala/Function1;)V @ 3

Internal exceptions (10 events):
Event: 3440.024 Thread 0x0000000024ece000 Exception <a 'java/lang/ClassNotFoundException': forms/cmn/LoginFormBeanInfo> (0x00000000f383cc10) thrown at [C:\re\workspace\8-2-build-windows-amd64-cygwin\jdk8u111\7883\hotspot\src\share\vm\classfile\systemDictionary.cpp, line 210]
Event: 3440.026 Thread 0x0000000024ece000 Exception <a 'java/lang/ClassNotFoundException': forms/cmn/SystemFusionFormBeanInfo> (0x00000000f389dab8) thrown at [C:\re\workspace\8-2-build-windows-amd64-cygwin\jdk8u111\7883\hotspot\src\share\vm\classfile\systemDictionary.cpp, line 210]
Event: 3440.027 Thread 0x0000000024ece000 Exception <a 'java/lang/ClassNotFoundException': forms/cmn/SystemFusionFormCustomizer> (0x00000000f38b3780) thrown at [C:\re\workspace\8-2-build-windows-amd64-cygwin\jdk8u111\7883\hotspot\src\share\vm\classfile\systemDictionary.cpp, line 210]
Event: 3440.046 Thread 0x0000000024ece000 Exception <a 'java/lang/ClassNotFoundException': forms/cmn/LoginFormCustomizer> (0x00000000f38fe5d0) thrown at [C:\re\workspace\8-2-build-windows-amd64-cygwin\jdk8u111\7883\hotspot\src\share\vm\classfile\systemDictionary.cpp, line 210]
Event: 4229.110 Thread 0x00000000225c8800 Exception <a 'java/io/FileNotFoundException'> (0x00000000f18ba1e0) thrown at [C:\re\workspace\8-2-build-windows-amd64-cygwin\jdk8u111\7883\hotspot\src\share\vm\prims\jni.cpp, line 709]
Event: 4229.139 Thread 0x00000000225c8800 Exception <a 'java/io/FileNotFoundException'> (0x00000000f18bbaa8) thrown at [C:\re\workspace\8-2-build-windows-amd64-cygwin\jdk8u111\7883\hotspot\src\share\vm\prims\jni.cpp, line 709]
Event: 4262.105 Thread 0x00000000225c8800 Exception <a 'java/security/PrivilegedActionException'> (0x00000000f162b0f0) thrown at [C:\re\workspace\8-2-build-windows-amd64-cygwin\jdk8u111\7883\hotspot\src\share\vm\prims\jvm.cpp, line 1386]
Event: 4262.106 Thread 0x00000000225c8800 Exception <a 'java/security/PrivilegedActionException'> (0x00000000f162b6d0) thrown at [C:\re\workspace\8-2-build-windows-amd64-cygwin\jdk8u111\7883\hotspot\src\share\vm\prims\jvm.cpp, line 1386]
Event: 4262.107 Thread 0x00000000225c8800 Exception <a 'java/security/PrivilegedActionException'> (0x00000000f162e748) thrown at [C:\re\workspace\8-2-build-windows-amd64-cygwin\jdk8u111\7883\hotspot\src\share\vm\prims\jvm.cpp, line 1386]
Event: 4262.107 Thread 0x00000000225c8800 Exception <a 'java/security/PrivilegedActionException'> (0x00000000f162ed28) thrown at [C:\re\workspace\8-2-build-windows-amd64-cygwin\jdk8u111\7883\hotspot\src\share\vm\prims\jvm.cpp, line 1386]

Events (10 events):
Event: 4292.736 loading class xsbt/Dependency$DependencyPhase$$anonfun$run$2$$anonfun$apply$1
Event: 4292.736 loading class xsbt/Dependency$DependencyPhase$$anonfun$run$2$$anonfun$apply$1 done
Event: 4292.741 loading class xsbt/LocateClassFile$$anonfun$flatname$1
Event: 4292.741 loading class xsbt/LocateClassFile$$anonfun$flatname$1 done
Event: 4292.742 loading class xsbt/CachedCompiler0$Compiler$$anonfun$getOutputClass$1
Event: 4292.742 loading class xsbt/CachedCompiler0$Compiler$$anonfun$getOutputClass$1 done
Event: 4292.743 loading class xsbt/CachedCompiler0$Compiler$$anonfun$getOutputClass$2
Event: 4292.743 loading class xsbt/CachedCompiler0$Compiler$$anonfun$getOutputClass$2 done
Event: 4292.744 loading class xsbt/CachedCompiler0$Compiler$$anonfun$getOutputClass$3
Event: 4292.744 loading class xsbt/CachedCompiler0$Compiler$$anonfun$getOutputClass$3 done


Dynamic libraries:
0x00007ff755ae0000 - 0x00007ff755b17000 	C:\LIB\Java\jdk1.8.0_111\bin\java.exe
0x00007fff76f10000 - 0x00007fff770e1000 	C:\WINDOWS\SYSTEM32\ntdll.dll
0x00007fff74650000 - 0x00007fff746fb000 	C:\WINDOWS\System32\KERNEL32.DLL
0x00007fff6eab0000 - 0x00007fff6eae2000 	C:\Program Files (x86)\AVG\AVG2015\avghooka.dll
0x00007fff728b0000 - 0x00007fff72acd000 	C:\WINDOWS\System32\KERNELBASE.dll
0x00007fff73dc0000 - 0x00007fff73e62000 	C:\WINDOWS\System32\ADVAPI32.dll
0x00007fff73420000 - 0x00007fff734be000 	C:\WINDOWS\System32\msvcrt.dll
0x00007fff73e70000 - 0x00007fff73ec9000 	C:\WINDOWS\System32\sechost.dll
0x00007fff73960000 - 0x00007fff73a81000 	C:\WINDOWS\System32\RPCRT4.dll
0x00007fff73c50000 - 0x00007fff73db5000 	C:\WINDOWS\System32\USER32.dll
0x00007fff72890000 - 0x00007fff728ae000 	C:\WINDOWS\System32\win32u.dll
0x00007fff745f0000 - 0x00007fff74624000 	C:\WINDOWS\System32\GDI32.dll
0x00007fff72f60000 - 0x00007fff730e2000 	C:\WINDOWS\System32\gdi32full.dll
0x00007fff60c00000 - 0x00007fff60e79000 	C:\WINDOWS\WinSxS\amd64_microsoft.windows.common-controls_6595b64144ccf1df_6.0.14393.447_none_42191651c6827bb3\COMCTL32.dll
0x00007fff73530000 - 0x00007fff737f8000 	C:\WINDOWS\System32\combase.dll
0x00007fff72d50000 - 0x00007fff72e45000 	C:\WINDOWS\System32\ucrtbase.dll
0x00007fff72e50000 - 0x00007fff72eba000 	C:\WINDOWS\System32\bcryptPrimitives.dll
0x00007fff74070000 - 0x00007fff7409e000 	C:\WINDOWS\System32\IMM32.DLL
0x0000000050bb0000 - 0x0000000050c82000 	C:\LIB\Java\jdk1.8.0_111\jre\bin\msvcr100.dll
0x0000000050310000 - 0x0000000050baa000 	C:\LIB\Java\jdk1.8.0_111\jre\bin\server\jvm.dll
0x00007fff74630000 - 0x00007fff74638000 	C:\WINDOWS\System32\PSAPI.DLL
0x00007fff64d70000 - 0x00007fff64d79000 	C:\WINDOWS\SYSTEM32\WSOCK32.dll
0x00007fff734c0000 - 0x00007fff7352a000 	C:\WINDOWS\System32\WS2_32.dll
0x00007fff701a0000 - 0x00007fff701c3000 	C:\WINDOWS\SYSTEM32\WINMM.dll
0x00007fff68160000 - 0x00007fff6816a000 	C:\WINDOWS\SYSTEM32\VERSION.dll
0x00007fff70140000 - 0x00007fff7016b000 	C:\WINDOWS\SYSTEM32\WINMMBASE.dll
0x00007fff73150000 - 0x00007fff73192000 	C:\WINDOWS\System32\cfgmgr32.dll
0x0000000050300000 - 0x000000005030f000 	C:\LIB\Java\jdk1.8.0_111\jre\bin\verify.dll
0x00000000502d0000 - 0x00000000502f9000 	C:\LIB\Java\jdk1.8.0_111\jre\bin\java.dll
0x00000000502b0000 - 0x00000000502c6000 	C:\LIB\Java\jdk1.8.0_111\jre\bin\zip.dll
0x00007fff74700000 - 0x00007fff75c09000 	C:\WINDOWS\System32\SHELL32.dll
0x00007fff72100000 - 0x00007fff727da000 	C:\WINDOWS\System32\windows.storage.dll
0x00007fff720b0000 - 0x00007fff720fc000 	C:\WINDOWS\System32\powrprof.dll
0x00007fff73a90000 - 0x00007fff73ae2000 	C:\WINDOWS\System32\shlwapi.dll
0x00007fff72070000 - 0x00007fff7207f000 	C:\WINDOWS\System32\kernel.appcore.dll
0x00007fff72ca0000 - 0x00007fff72d49000 	C:\WINDOWS\System32\shcore.dll
0x00007fff72090000 - 0x00007fff720a4000 	C:\WINDOWS\System32\profapi.dll
0x0000000050290000 - 0x00000000502aa000 	C:\LIB\Java\jdk1.8.0_111\jre\bin\net.dll
0x00007fff71940000 - 0x00007fff7199c000 	C:\WINDOWS\system32\mswsock.dll
0x0000000050270000 - 0x0000000050281000 	C:\LIB\Java\jdk1.8.0_111\jre\bin\nio.dll
0x00007fff71ae0000 - 0x00007fff71af7000 	C:\WINDOWS\SYSTEM32\CRYPTSP.dll
0x00007fff71550000 - 0x00007fff71583000 	C:\WINDOWS\system32\rsaenh.dll
0x00007fff71fb0000 - 0x00007fff71fdb000 	C:\WINDOWS\SYSTEM32\bcrypt.dll
0x00007fff717c0000 - 0x00007fff717df000 	C:\WINDOWS\SYSTEM32\USERENV.dll
0x00007fff71b00000 - 0x00007fff71b0b000 	C:\WINDOWS\SYSTEM32\CRYPTBASE.dll
0x00007fff716d0000 - 0x00007fff71708000 	C:\WINDOWS\SYSTEM32\IPHLPAPI.DLL
0x00007fff74640000 - 0x00007fff74648000 	C:\WINDOWS\System32\NSI.dll
0x00007fff6d7d0000 - 0x00007fff6d7e6000 	C:\WINDOWS\SYSTEM32\dhcpcsvc6.DLL
0x00007fff6d0c0000 - 0x00007fff6d0da000 	C:\WINDOWS\SYSTEM32\dhcpcsvc.DLL
0x00007fff6e7f0000 - 0x00007fff6e7fa000 	C:\Users\‚±‚¤\AppData\Local\Temp\jansi-64-1-1691928300209948464.11
0x00007fff66030000 - 0x00007fff66046000 	C:\WINDOWS\system32\napinsp.dll
0x00007fff66010000 - 0x00007fff6602a000 	C:\WINDOWS\system32\pnrpnsp.dll
0x00007fff6e500000 - 0x00007fff6e518000 	C:\WINDOWS\system32\NLAapi.dll
0x00007fff71710000 - 0x00007fff717b0000 	C:\WINDOWS\SYSTEM32\DNSAPI.dll
0x00007fff66000000 - 0x00007fff6600e000 	C:\WINDOWS\System32\winrnr.dll
0x00007fff65fe0000 - 0x00007fff65ff7000 	C:\Windows\system32\wlidnsp.dll
0x00007fff660d0000 - 0x00007fff660da000 	C:\Windows\System32\rasadhlp.dll
0x00007fff6b830000 - 0x00007fff6b89a000 	C:\WINDOWS\System32\fwpuclnt.dll
0x00000000501f0000 - 0x0000000050214000 	C:\LIB\Java\jdk1.8.0_111\jre\bin\sunec.dll
0x00000000501e0000 - 0x00000000501ed000 	C:\LIB\Java\jdk1.8.0_111\jre\bin\management.dll
0x00007fff6e290000 - 0x00007fff6e422000 	C:\WINDOWS\SYSTEM32\dbghelp.dll

VM Arguments:
jvm_args: -XX:MetaspaceSize=64M -XX:MaxMetaspaceSize=256M -Dactivator.home=//c:/workspace/play-system-fusion2 
java_command: c:\workspace\play-system-fusion2\activator-launch-1.3.5.jar run 9001
java_class_path (initial): c:\workspace\play-system-fusion2\activator-launch-1.3.5.jar
Launcher Type: SUN_STANDARD

Environment Variables:
JAVA_HOME=C:\LIB\Java\jdk1.8.0_111
CLASSPATH=.
USERNAME=kou1miyazaki
OS=Windows_NT
PROCESSOR_IDENTIFIER=Intel64 Family 6 Model 55 Stepping 8, GenuineIntel



---------------  S Y S T E M  ---------------

OS: Windows 10.0 , 64 bit Build 14393 (10.0.14393.0)

CPU:total 2 (2 cores per cpu, 1 threads per core) family 6 model 55 stepping 8, cmov, cx8, fxsr, mmx, sse, sse2, sse3, ssse3, sse4.1, sse4.2, popcnt, clmul, erms, 3dnowpref, tsc, tscinvbit

Memory: 4k page, physical 4073664k(304096k free), swap 8530112k(2239032k free)

vm_info: Java HotSpot(TM) 64-Bit Server VM (25.111-b14) for windows-amd64 JRE (1.8.0_111-b14), built on Sep 22 2016 19:24:05 by "java_re" with MS VC++ 10.0 (VS2010)

time: Sun Jan 15 16:36:28 2017
elapsed time: 4294 seconds (0d 1h 11m 34s)

