#
# A fatal error has been detected by the Java Runtime Environment:
#
#  Internal Error (output.cpp:1586), pid=9264, tid=0x00000000000028dc
#  guarantee((int)(blk_starts[i+1] - blk_starts[i]) >= (current_offset - blk_offset)) failed: shouldn't increase block size
#
# JRE version: Java(TM) SE Runtime Environment (8.0_111-b14) (build 1.8.0_111-b14)
# Java VM: Java HotSpot(TM) 64-Bit Server VM (25.111-b14 mixed mode windows-amd64 compressed oops)
# Failed to write core dump. Minidumps are not enabled by default on client versions of Windows
#
# If you would like to submit a bug report, please visit:
#   http://bugreport.java.com/bugreport/crash.jsp
#

---------------  T H R E A D  ---------------

Current thread (0x0000000014ab0800):  JavaThread "C2 CompilerThread0" daemon [_thread_in_native, id=10460, stack(0x00000000159a0000,0x0000000015aa0000)]

Stack: [0x00000000159a0000,0x0000000015aa0000]
[error occurred during error reporting (printing stack bounds), id 0xc0000005]

Native frames: (J=compiled Java code, j=interpreted, Vv=VM code, C=native code)


Current CompileTask:
C2:9955435 58697       4       scala.tools.nsc.symtab.classfile.Pickler$Pickle::writeBody$1 (708 bytes)


---------------  P R O C E S S  ---------------

Java Threads: ( => current thread )
  0x000000001a088000 JavaThread "pool-183-thread-4" [_thread_blocked, id=1376, stack(0x000000007bc90000,0x000000007bd90000)]
  0x000000001a087000 JavaThread "pool-183-thread-3" [_thread_in_Java, id=10400, stack(0x000000007bb90000,0x000000007bc90000)]
  0x000000001a08d000 JavaThread "pool-183-thread-2" [_thread_blocked, id=7980, stack(0x000000007ba90000,0x000000007bb90000)]
  0x000000001a08b000 JavaThread "pool-183-thread-1" [_thread_blocked, id=10556, stack(0x000000007b990000,0x000000007ba90000)]
  0x00000000197a3800 JavaThread "application-akka.actor.default-dispatcher-7" [_thread_blocked, id=9860, stack(0x000000007af90000,0x000000007b090000)]
  0x00000000197a8800 JavaThread "application-akka.actor.default-dispatcher-6" [_thread_blocked, id=1864, stack(0x000000007ae90000,0x000000007af90000)]
  0x00000000232ee000 JavaThread "application-akka.actor.default-dispatcher-3" [_thread_blocked, id=6944, stack(0x000000007ab90000,0x000000007ac90000)]
  0x000000001a096000 JavaThread "application-scheduler-1" [_thread_blocked, id=9692, stack(0x000000007a990000,0x000000007aa90000)]
  0x000000001a093000 JavaThread "net.sf.ehcache.CacheManager@270cba56" daemon [_thread_blocked, id=10276, stack(0x000000007a690000,0x000000007a790000)]
  0x000000001a091000 JavaThread "Hikari Housekeeping Timer (pool HikariPool-38)" daemon [_thread_blocked, id=6148, stack(0x000000007a490000,0x000000007a590000)]
  0x0000000017822000 JavaThread "Scala Presentation Compiler []" daemon [_thread_blocked, id=9048, stack(0x0000000027c10000,0x0000000027d10000)]
  0x000000001781c800 JavaThread "Timer-0" daemon [_thread_blocked, id=6044, stack(0x0000000026d10000,0x0000000026e10000)]
  0x000000001781a800 JavaThread "Hikari Housekeeping Timer (pool HikariPool-0)" daemon [_thread_blocked, id=3500, stack(0x00000000226f0000,0x00000000227f0000)]
  0x0000000017819800 JavaThread "Abandoned connection cleanup thread" daemon [_thread_blocked, id=2100, stack(0x00000000225f0000,0x00000000226f0000)]
  0x0000000017816800 JavaThread "New I/O server boss #5" [_thread_in_native, id=11272, stack(0x000000001daf0000,0x000000001dbf0000)]
  0x0000000017818000 JavaThread "New I/O worker #4" [_thread_in_native, id=1368, stack(0x000000001d9f0000,0x000000001daf0000)]
  0x0000000017819000 JavaThread "New I/O worker #3" [_thread_blocked, id=5824, stack(0x000000001d8f0000,0x000000001d9f0000)]
  0x0000000017816000 JavaThread "New I/O worker #2" [_thread_in_native, id=5976, stack(0x000000001d7f0000,0x000000001d8f0000)]
  0x00000000197a5000 JavaThread "New I/O worker #1" [_thread_in_native, id=8140, stack(0x000000001d6f0000,0x000000001d7f0000)]
  0x00000000197a2800 JavaThread "application-akka.actor.default-dispatcher-4" [_thread_blocked, id=1528, stack(0x000000001d1f0000,0x000000001d2f0000)]
  0x00000000197a8000 JavaThread "application-scheduler-1" [_thread_blocked, id=11688, stack(0x000000001ccf0000,0x000000001cdf0000)]
  0x00000000197a6800 JavaThread "sbt-play-watch-service" daemon [_thread_blocked, id=8272, stack(0x000000001c9f0000,0x000000001caf0000)]
  0x00000000197a7000 JavaThread "Thread-1" daemon [_thread_in_native, id=8560, stack(0x000000001c8f0000,0x000000001c9f0000)]
  0x000000001979f800 JavaThread "pool-4-thread-1" [_thread_in_native, id=3712, stack(0x000000001c2f0000,0x000000001c3f0000)]
  0x0000000016961000 JavaThread "sbt-web-akka.actor.default-dispatcher-5" [_thread_blocked, id=2180, stack(0x000000001c1f0000,0x000000001c2f0000)]
  0x0000000019ab6000 JavaThread "sbt-web-scheduler-1" [_thread_blocked, id=10468, stack(0x000000001bdf0000,0x000000001bef0000)]
  0x0000000015ab3800 JavaThread "Service Thread" daemon [_thread_blocked, id=10548, stack(0x0000000015fa0000,0x00000000160a0000)]
  0x0000000015aac800 JavaThread "C1 CompilerThread1" daemon [_thread_blocked, id=10804, stack(0x0000000015ea0000,0x0000000015fa0000)]
=>0x0000000014ab0800 JavaThread "C2 CompilerThread0" daemon [_thread_in_native, id=10460, stack(0x00000000159a0000,0x0000000015aa0000)]
  0x0000000014aaf800 JavaThread "Attach Listener" daemon [_thread_blocked, id=7712, stack(0x00000000158a0000,0x00000000159a0000)]
  0x0000000014aae800 JavaThread "Signal Dispatcher" daemon [_thread_blocked, id=9648, stack(0x00000000157a0000,0x00000000158a0000)]
  0x00000000026c9000 JavaThread "Finalizer" daemon [_thread_blocked, id=11424, stack(0x00000000156a0000,0x00000000157a0000)]
  0x00000000026bf000 JavaThread "Reference Handler" daemon [_thread_blocked, id=5496, stack(0x00000000155a0000,0x00000000156a0000)]
  0x00000000025d3000 JavaThread "main" [_thread_blocked, id=1840, stack(0x00000000023f0000,0x00000000024f0000)]

Other Threads:
  0x0000000014a25800 VMThread [stack: 0x00000000154a0000,0x00000000155a0000] [id=11376]
  0x0000000015ae4800 WatcherThread [stack: 0x00000000160a0000,0x00000000161a0000] [id=7904]

VM state:not at safepoint (normal execution)

VM Mutex/Monitor currently owned by a thread: None

Heap:
 PSYoungGen      total 226816K, used 119437K [0x00000000eb400000, 0x0000000100000000, 0x0000000100000000)
  eden space 113664K, 67% used [0x00000000eb400000,0x00000000efe65dd8,0x00000000f2300000)
  from space 113152K, 38% used [0x00000000f2300000,0x00000000f4d3d800,0x00000000f9180000)
  to   space 113152K, 0% used [0x00000000f9180000,0x00000000f9180000,0x0000000100000000)
 ParOldGen       total 291328K, used 115751K [0x00000000c1c00000, 0x00000000d3880000, 0x00000000eb400000)
  object space 291328K, 39% used [0x00000000c1c00000,0x00000000c8d09fc8,0x00000000d3880000)
 Metaspace       used 160380K, capacity 162265K, committed 249856K, reserved 1255424K
  class space    used 24186K, capacity 24745K, committed 44032K, reserved 1048576K

Card table byte_map: [0x0000000011a90000,0x0000000011c90000] byte_map_base: 0x0000000011482000

Marking Bits: (ParMarkBitMap*) 0x0000000060e2a6c0
 Begin Bits: [0x0000000011fe0000, 0x0000000012f70000)
 End Bits:   [0x0000000012f70000, 0x0000000013f00000)

Polling page: 0x0000000000620000

CodeCache: size=245760Kb used=113857Kb max_used=129508Kb free=131902Kb
 bounds [0x00000000026d0000, 0x000000000a6a0000, 0x00000000116d0000]
 total_blobs=32041 nmethods=31403 adapters=541
 compilation: enabled

Compilation events (10 events):
Event: 9950.738 Thread 0x0000000015aac800 58758       3       xsbt.Dependency$$anonfun$xsbt$Dependency$$extractDependenciesByMemberRef$1::apply (9 bytes)
Event: 9950.739 Thread 0x0000000015aac800 nmethod 58758 0x0000000002e2bb50 code [0x0000000002e2bce0, 0x0000000002e2c1a8]
Event: 9950.793 Thread 0x0000000015aac800 58759       1       xsbt.Dependency$DependencyPhase::xsbt$Dependency$DependencyPhase$$$outer (5 bytes)
Event: 9950.793 Thread 0x0000000015aac800 nmethod 58759 0x000000000412abd0 code [0x000000000412ad20, 0x000000000412ae30]
Event: 9950.818 Thread 0x0000000015aac800 58760       3       xsbt.Dependency$ExtractDependenciesByInheritanceTraverser::traverse (113 bytes)
Event: 9950.822 Thread 0x0000000015aac800 nmethod 58760 0x0000000003cccc10 code [0x0000000003cccec0, 0x0000000003cce638]
Event: 9950.822 Thread 0x0000000015aac800 58761       3       xsbt.Dependency$ExtractDependenciesByInheritanceTraverser::traverse (9 bytes)
Event: 9950.823 Thread 0x0000000015aac800 nmethod 58761 0x00000000036dd250 code [0x00000000036dd3c0, 0x00000000036dd6a8]
Event: 9950.893 Thread 0x0000000015aac800 58762       3       scala.tools.nsc.typechecker.RefChecks$RefCheckTransformer::validateBaseTypes (836 bytes)
Event: 9950.930 Thread 0x0000000015aac800 nmethod 58762 0x0000000008569610 code [0x000000000856a440, 0x0000000008576e08]

GC Heap History (10 events):
Event: 9932.757 GC heap before
{Heap before GC invocations=202 (full 8):
 PSYoungGen      total 226816K, used 164423K [0x00000000eb400000, 0x0000000100000000, 0x0000000100000000)
  eden space 113664K, 100% used [0x00000000eb400000,0x00000000f2300000,0x00000000f2300000)
  from space 113152K, 44% used [0x00000000f2300000,0x00000000f5491ca0,0x00000000f9180000)
  to   space 113152K, 0% used [0x00000000f9180000,0x00000000f9180000,0x0000000100000000)
 ParOldGen       total 266752K, used 197138K [0x00000000c1c00000, 0x00000000d2080000, 0x00000000eb400000)
  object space 266752K, 73% used [0x00000000c1c00000,0x00000000cdc84998,0x00000000d2080000)
 Metaspace       used 207306K, capacity 210877K, committed 251904K, reserved 1257472K
  class space    used 31926K, capacity 32953K, committed 44032K, reserved 1048576K
Event: 9933.141 GC heap after
Heap after GC invocations=202 (full 8):
 PSYoungGen      total 226816K, used 57908K [0x00000000eb400000, 0x0000000100000000, 0x0000000100000000)
  eden space 113664K, 0% used [0x00000000eb400000,0x00000000eb400000,0x00000000f2300000)
  from space 113152K, 51% used [0x00000000f9180000,0x00000000fca0d170,0x0000000100000000)
  to   space 113152K, 0% used [0x00000000f2300000,0x00000000f2300000,0x00000000f9180000)
 ParOldGen       total 266752K, used 199187K [0x00000000c1c00000, 0x00000000d2080000, 0x00000000eb400000)
  object space 266752K, 74% used [0x00000000c1c00000,0x00000000cde84ef0,0x00000000d2080000)
 Metaspace       used 207306K, capacity 210877K, committed 251904K, reserved 1257472K
  class space    used 31926K, capacity 32953K, committed 44032K, reserved 1048576K
}
Event: 9938.285 GC heap before
{Heap before GC invocations=203 (full 8):
 PSYoungGen      total 226816K, used 171572K [0x00000000eb400000, 0x0000000100000000, 0x0000000100000000)
  eden space 113664K, 100% used [0x00000000eb400000,0x00000000f2300000,0x00000000f2300000)
  from space 113152K, 51% used [0x00000000f9180000,0x00000000fca0d170,0x0000000100000000)
  to   space 113152K, 0% used [0x00000000f2300000,0x00000000f2300000,0x00000000f9180000)
 ParOldGen       total 266752K, used 199187K [0x00000000c1c00000, 0x00000000d2080000, 0x00000000eb400000)
  object space 266752K, 74% used [0x00000000c1c00000,0x00000000cde84ef0,0x00000000d2080000)
 Metaspace       used 207307K, capacity 210877K, committed 251904K, reserved 1257472K
  class space    used 31926K, capacity 32953K, committed 44032K, reserved 1048576K
Event: 9939.754 GC heap after
Heap after GC invocations=203 (full 8):
 PSYoungGen      total 226816K, used 19019K [0x00000000eb400000, 0x0000000100000000, 0x0000000100000000)
  eden space 113664K, 0% used [0x00000000eb400000,0x00000000eb400000,0x00000000f2300000)
  from space 113152K, 16% used [0x00000000f2300000,0x00000000f3592d28,0x00000000f9180000)
  to   space 113152K, 0% used [0x00000000f9180000,0x00000000f9180000,0x0000000100000000)
 ParOldGen       total 266752K, used 231603K [0x00000000c1c00000, 0x00000000d2080000, 0x00000000eb400000)
  object space 266752K, 86% used [0x00000000c1c00000,0x00000000cfe2cda8,0x00000000d2080000)
 Metaspace       used 207307K, capacity 210877K, committed 251904K, reserved 1257472K
  class space    used 31926K, capacity 32953K, committed 44032K, reserved 1048576K
}
Event: 9942.965 GC heap before
{Heap before GC invocations=204 (full 8):
 PSYoungGen      total 226816K, used 132683K [0x00000000eb400000, 0x0000000100000000, 0x0000000100000000)
  eden space 113664K, 100% used [0x00000000eb400000,0x00000000f2300000,0x00000000f2300000)
  from space 113152K, 16% used [0x00000000f2300000,0x00000000f3592d28,0x00000000f9180000)
  to   space 113152K, 0% used [0x00000000f9180000,0x00000000f9180000,0x0000000100000000)
 ParOldGen       total 266752K, used 231603K [0x00000000c1c00000, 0x00000000d2080000, 0x00000000eb400000)
  object space 266752K, 86% used [0x00000000c1c00000,0x00000000cfe2cda8,0x00000000d2080000)
 Metaspace       used 210280K, capacity 213973K, committed 251904K, reserved 1257472K
  class space    used 32442K, capacity 33473K, committed 44032K, reserved 1048576K
Event: 9943.389 GC heap after
Heap after GC invocations=204 (full 8):
 PSYoungGen      total 226816K, used 17388K [0x00000000eb400000, 0x0000000100000000, 0x0000000100000000)
  eden space 113664K, 0% used [0x00000000eb400000,0x00000000eb400000,0x00000000f2300000)
  from space 113152K, 15% used [0x00000000f9180000,0x00000000fa27b078,0x0000000100000000)
  to   space 113152K, 0% used [0x00000000f2300000,0x00000000f2300000,0x00000000f9180000)
 ParOldGen       total 266752K, used 245061K [0x00000000c1c00000, 0x00000000d2080000, 0x00000000eb400000)
  object space 266752K, 91% used [0x00000000c1c00000,0x00000000d0b514e8,0x00000000d2080000)
 Metaspace       used 210280K, capacity 213973K, committed 251904K, reserved 1257472K
  class space    used 32442K, capacity 33473K, committed 44032K, reserved 1048576K
}
Event: 9943.390 GC heap before
{Heap before GC invocations=205 (full 9):
 PSYoungGen      total 226816K, used 17388K [0x00000000eb400000, 0x0000000100000000, 0x0000000100000000)
  eden space 113664K, 0% used [0x00000000eb400000,0x00000000eb400000,0x00000000f2300000)
  from space 113152K, 15% used [0x00000000f9180000,0x00000000fa27b078,0x0000000100000000)
  to   space 113152K, 0% used [0x00000000f2300000,0x00000000f2300000,0x00000000f9180000)
 ParOldGen       total 266752K, used 245061K [0x00000000c1c00000, 0x00000000d2080000, 0x00000000eb400000)
  object space 266752K, 91% used [0x00000000c1c00000,0x00000000d0b514e8,0x00000000d2080000)
 Metaspace       used 210280K, capacity 213973K, committed 251904K, reserved 1257472K
  class space    used 32442K, capacity 33473K, committed 44032K, reserved 1048576K
Event: 9945.782 GC heap after
Heap after GC invocations=205 (full 9):
 PSYoungGen      total 226816K, used 0K [0x00000000eb400000, 0x0000000100000000, 0x0000000100000000)
  eden space 113664K, 0% used [0x00000000eb400000,0x00000000eb400000,0x00000000f2300000)
  from space 113152K, 0% used [0x00000000f9180000,0x00000000f9180000,0x0000000100000000)
  to   space 113152K, 0% used [0x00000000f2300000,0x00000000f2300000,0x00000000f9180000)
 ParOldGen       total 291328K, used 115751K [0x00000000c1c00000, 0x00000000d3880000, 0x00000000eb400000)
  object space 291328K, 39% used [0x00000000c1c00000,0x00000000c8d09fc8,0x00000000d3880000)
 Metaspace       used 159813K, capacity 161601K, committed 249856K, reserved 1255424K
  class space    used 24011K, capacity 24549K, committed 44032K, reserved 1048576K
}
Event: 9947.872 GC heap before
{Heap before GC invocations=206 (full 9):
 PSYoungGen      total 226816K, used 113664K [0x00000000eb400000, 0x0000000100000000, 0x0000000100000000)
  eden space 113664K, 100% used [0x00000000eb400000,0x00000000f2300000,0x00000000f2300000)
  from space 113152K, 0% used [0x00000000f9180000,0x00000000f9180000,0x0000000100000000)
  to   space 113152K, 0% used [0x00000000f2300000,0x00000000f2300000,0x00000000f9180000)
 ParOldGen       total 291328K, used 115751K [0x00000000c1c00000, 0x00000000d3880000, 0x00000000eb400000)
  object space 291328K, 39% used [0x00000000c1c00000,0x00000000c8d09fc8,0x00000000d3880000)
 Metaspace       used 160050K, capacity 161945K, committed 249856K, reserved 1255424K
  class space    used 24124K, capacity 24681K, committed 44032K, reserved 1048576K
Event: 9947.971 GC heap after
Heap after GC invocations=206 (full 9):
 PSYoungGen      total 226816K, used 43254K [0x00000000eb400000, 0x0000000100000000, 0x0000000100000000)
  eden space 113664K, 0% used [0x00000000eb400000,0x00000000eb400000,0x00000000f2300000)
  from space 113152K, 38% used [0x00000000f2300000,0x00000000f4d3d800,0x00000000f9180000)
  to   space 113152K, 0% used [0x00000000f9180000,0x00000000f9180000,0x0000000100000000)
 ParOldGen       total 291328K, used 115751K [0x00000000c1c00000, 0x00000000d3880000, 0x00000000eb400000)
  object space 291328K, 39% used [0x00000000c1c00000,0x00000000c8d09fc8,0x00000000d3880000)
 Metaspace       used 160050K, capacity 161945K, committed 249856K, reserved 1255424K
  class space    used 24124K, capacity 24681K, committed 44032K, reserved 1048576K
}

Deoptimization events (10 events):
Event: 9858.878 Thread 0x000000001a088000 Uncommon trap: reason=speculate_class_check action=maybe_recompile pc=0x000000000965f0ec method=java.util.EnumMap.get(Ljava/lang/Object;)Ljava/lang/Object; @ 14
Event: 9858.878 Thread 0x000000001a088000 Uncommon trap: reason=speculate_class_check action=maybe_recompile pc=0x000000000965f0ec method=java.util.EnumMap.get(Ljava/lang/Object;)Ljava/lang/Object; @ 14
Event: 9858.878 Thread 0x000000001a088000 Uncommon trap: reason=speculate_class_check action=maybe_recompile pc=0x000000000965f0ec method=java.util.EnumMap.get(Ljava/lang/Object;)Ljava/lang/Object; @ 14
Event: 9867.155 Thread 0x000000001a088000 Uncommon trap: reason=unstable_if action=reinterpret pc=0x00000000049fb45c method=com.typesafe.config.impl.Tokenizer$TokenIterator.startOfComment(I)Z @ 25
Event: 9931.766 Thread 0x000000001a088000 Uncommon trap: reason=unstable_if action=reinterpret pc=0x0000000008a6db9c method=com.typesafe.config.impl.Tokenizer$TokenIterator.startOfComment(I)Z @ 25
Event: 9942.292 Thread 0x000000001a08d000 Uncommon trap: reason=unstable_if action=reinterpret pc=0x0000000009d19b5c method=com.typesafe.config.impl.Tokenizer$TokenIterator.startOfComment(I)Z @ 25
Event: 9950.306 Thread 0x000000001a087000 Uncommon trap: reason=class_check action=maybe_recompile pc=0x000000000988bebc method=scala.collection.immutable.HashSet$HashSet1.foreach(Lscala/Function1;)V @ 5
Event: 9950.306 Thread 0x000000001a087000 Uncommon trap: reason=class_check action=maybe_recompile pc=0x000000000988be94 method=scala.collection.immutable.HashSet$HashSet1.foreach(Lscala/Function1;)V @ 5
Event: 9950.307 Thread 0x000000001a087000 Uncommon trap: reason=class_check action=maybe_recompile pc=0x000000000988be94 method=scala.collection.immutable.HashSet$HashSet1.foreach(Lscala/Function1;)V @ 5
Event: 9950.307 Thread 0x000000001a087000 Uncommon trap: reason=class_check action=maybe_recompile pc=0x000000000988be94 method=scala.collection.immutable.HashSet$HashSet1.foreach(Lscala/Function1;)V @ 5

Internal exceptions (10 events):
Event: 9701.519 Thread 0x000000001a088000 Exception <a 'java/lang/NullPointerException'> (0x00000000f440c070) thrown at [C:\re\workspace\8-2-build-windows-amd64-cygwin\jdk8u111\7883\hotspot\src\share\vm\interpreter\linkResolver.cpp, line 1178]
Event: 9858.348 Thread 0x000000001a088000 Exception <a 'java/io/FileNotFoundException'> (0x00000000ef0a8788) thrown at [C:\re\workspace\8-2-build-windows-amd64-cygwin\jdk8u111\7883\hotspot\src\share\vm\prims\jni.cpp, line 709]
Event: 9858.350 Thread 0x000000001a088000 Exception <a 'java/io/FileNotFoundException'> (0x00000000ef0aa050) thrown at [C:\re\workspace\8-2-build-windows-amd64-cygwin\jdk8u111\7883\hotspot\src\share\vm\prims\jni.cpp, line 709]
Event: 9881.983 Thread 0x000000001a087000 Exception <a 'java/lang/AbstractMethodError': org.h2.jdbc.JdbcConnection.getNetworkTimeout()I> (0x00000000eebb4bf0) thrown at [C:\re\workspace\8-2-build-windows-amd64-cygwin\jdk8u111\7883\hotspot\src\share\vm\interpreter\linkResolver.cpp, line 1323]
Event: 9882.773 Thread 0x00000000197a8800 Exception <a 'java/lang/NullPointerException'> (0x00000000f0373cb0) thrown at [C:\re\workspace\8-2-build-windows-amd64-cygwin\jdk8u111\7883\hotspot\src\share\vm\interpreter\linkResolver.cpp, line 1178]
Event: 9882.803 Thread 0x00000000197a8800 Exception <a 'java/lang/NullPointerException'> (0x00000000f18946a0) thrown at [C:\re\workspace\8-2-build-windows-amd64-cygwin\jdk8u111\7883\hotspot\src\share\vm\interpreter\linkResolver.cpp, line 1178]
Event: 9893.475 Thread 0x00000000197a3800 Exception <a 'java/lang/NullPointerException'> (0x00000000eb717d98) thrown at [C:\re\workspace\8-2-build-windows-amd64-cygwin\jdk8u111\7883\hotspot\src\share\vm\interpreter\linkResolver.cpp, line 1178]
Event: 9893.484 Thread 0x00000000197a3800 Exception <a 'java/lang/NullPointerException'> (0x00000000eb721ae0) thrown at [C:\re\workspace\8-2-build-windows-amd64-cygwin\jdk8u111\7883\hotspot\src\share\vm\interpreter\linkResolver.cpp, line 1178]
Event: 9931.386 Thread 0x000000001a089800 Exception <a 'java/io/FileNotFoundException'> (0x00000000f0882270) thrown at [C:\re\workspace\8-2-build-windows-amd64-cygwin\jdk8u111\7883\hotspot\src\share\vm\prims\jni.cpp, line 709]
Event: 9931.388 Thread 0x000000001a089800 Exception <a 'java/io/FileNotFoundException'> (0x00000000f0883b38) thrown at [C:\re\workspace\8-2-build-windows-amd64-cygwin\jdk8u111\7883\hotspot\src\share\vm\prims\jni.cpp, line 709]

Events (10 events):
Event: 9950.816 loading class xsbt/Dependency$ExtractDependenciesByInheritanceTraverser$$anonfun$traverse$3
Event: 9950.816 loading class xsbt/Dependency$ExtractDependenciesByInheritanceTraverser$$anonfun$traverse$3 done
Event: 9950.817 loading class xsbt/Dependency$ExtractDependenciesByInheritanceTraverser$$anonfun$traverse$4
Event: 9950.817 loading class xsbt/Dependency$ExtractDependenciesByInheritanceTraverser$$anonfun$traverse$4 done
Event: 9950.826 loading class xsbt/Dependency$$anonfun$xsbt$Dependency$$extractDependenciesByInheritance$1
Event: 9950.826 loading class xsbt/Dependency$$anonfun$xsbt$Dependency$$extractDependenciesByInheritance$1 done
Event: 9950.827 loading class xsbt/Dependency$DependencyPhase$$anonfun$run$2$$anonfun$apply$2
Event: 9950.827 loading class xsbt/Dependency$DependencyPhase$$anonfun$run$2$$anonfun$apply$2 done
Event: 9950.856 Executing VM operation: ForceSafepoint
Event: 9950.873 Executing VM operation: ForceSafepoint done


Dynamic libraries:
0x00007ff6a2d20000 - 0x00007ff6a2d57000 	C:\LIB\Java\jdk1.8.0_111\bin\java.exe
0x00007fff51310000 - 0x00007fff514e1000 	C:\WINDOWS\SYSTEM32\ntdll.dll
0x00007fff4f620000 - 0x00007fff4f6cb000 	C:\WINDOWS\System32\KERNEL32.DLL
0x00007fff32aa0000 - 0x00007fff32ad2000 	C:\Program Files (x86)\AVG\AVG2015\avghooka.dll
0x00007fff4d220000 - 0x00007fff4d43d000 	C:\WINDOWS\System32\KERNELBASE.dll
0x00007fff4f350000 - 0x00007fff4f3f2000 	C:\WINDOWS\System32\ADVAPI32.dll
0x00007fff4f6d0000 - 0x00007fff4f76e000 	C:\WINDOWS\System32\msvcrt.dll
0x00007fff4f2f0000 - 0x00007fff4f349000 	C:\WINDOWS\System32\sechost.dll
0x00007fff4fc70000 - 0x00007fff4fd91000 	C:\WINDOWS\System32\RPCRT4.dll
0x00007fff4dad0000 - 0x00007fff4dc35000 	C:\WINDOWS\System32\USER32.dll
0x00007fff4d060000 - 0x00007fff4d07e000 	C:\WINDOWS\System32\win32u.dll
0x00007fff4f770000 - 0x00007fff4f7a4000 	C:\WINDOWS\System32\GDI32.dll
0x00007fff4c500000 - 0x00007fff4c682000 	C:\WINDOWS\System32\gdi32full.dll
0x00007fff3b140000 - 0x00007fff3b3b9000 	C:\WINDOWS\WinSxS\amd64_microsoft.windows.common-controls_6595b64144ccf1df_6.0.14393.447_none_42191651c6827bb3\COMCTL32.dll
0x00007fff4d6e0000 - 0x00007fff4d9a8000 	C:\WINDOWS\System32\combase.dll
0x00007fff4d120000 - 0x00007fff4d215000 	C:\WINDOWS\System32\ucrtbase.dll
0x00007fff4cdc0000 - 0x00007fff4ce2a000 	C:\WINDOWS\System32\bcryptPrimitives.dll
0x00007fff4d9b0000 - 0x00007fff4d9de000 	C:\WINDOWS\System32\IMM32.DLL
0x0000000060eb0000 - 0x0000000060f82000 	C:\LIB\Java\jdk1.8.0_111\jre\bin\msvcr100.dll
0x0000000060610000 - 0x0000000060eaa000 	C:\LIB\Java\jdk1.8.0_111\jre\bin\server\jvm.dll
0x00007fff4d9e0000 - 0x00007fff4d9e8000 	C:\WINDOWS\System32\PSAPI.DLL
0x00007fff3cce0000 - 0x00007fff3cce9000 	C:\WINDOWS\SYSTEM32\WSOCK32.dll
0x00007fff4fbe0000 - 0x00007fff4fc4a000 	C:\WINDOWS\System32\WS2_32.dll
0x00007fff4a9f0000 - 0x00007fff4aa13000 	C:\WINDOWS\SYSTEM32\WINMM.dll
0x00007fff40b30000 - 0x00007fff40b3a000 	C:\WINDOWS\SYSTEM32\VERSION.dll
0x00007fff4a990000 - 0x00007fff4a9bb000 	C:\WINDOWS\SYSTEM32\WINMMBASE.dll
0x00007fff4c690000 - 0x00007fff4c6d2000 	C:\WINDOWS\System32\cfgmgr32.dll
0x0000000060600000 - 0x000000006060f000 	C:\LIB\Java\jdk1.8.0_111\jre\bin\verify.dll
0x00000000605d0000 - 0x00000000605f9000 	C:\LIB\Java\jdk1.8.0_111\jre\bin\java.dll
0x00000000605b0000 - 0x00000000605c6000 	C:\LIB\Java\jdk1.8.0_111\jre\bin\zip.dll
0x00007fff4dc40000 - 0x00007fff4f149000 	C:\WINDOWS\System32\SHELL32.dll
0x00007fff4c6e0000 - 0x00007fff4cdba000 	C:\WINDOWS\System32\windows.storage.dll
0x00007fff4c4b0000 - 0x00007fff4c4fc000 	C:\WINDOWS\System32\powrprof.dll
0x00007fff4da50000 - 0x00007fff4daa2000 	C:\WINDOWS\System32\shlwapi.dll
0x00007fff4c470000 - 0x00007fff4c47f000 	C:\WINDOWS\System32\kernel.appcore.dll
0x00007fff4d440000 - 0x00007fff4d4e9000 	C:\WINDOWS\System32\shcore.dll
0x00007fff4c480000 - 0x00007fff4c494000 	C:\WINDOWS\System32\profapi.dll
0x0000000060590000 - 0x00000000605aa000 	C:\LIB\Java\jdk1.8.0_111\jre\bin\net.dll
0x00007fff4bb90000 - 0x00007fff4bbec000 	C:\WINDOWS\system32\mswsock.dll
0x0000000060570000 - 0x0000000060581000 	C:\LIB\Java\jdk1.8.0_111\jre\bin\nio.dll
0x00007fff4bee0000 - 0x00007fff4bef7000 	C:\WINDOWS\SYSTEM32\CRYPTSP.dll
0x00007fff4bdf0000 - 0x00007fff4be23000 	C:\WINDOWS\system32\rsaenh.dll
0x00007fff4c3b0000 - 0x00007fff4c3db000 	C:\WINDOWS\SYSTEM32\bcrypt.dll
0x00007fff4bd70000 - 0x00007fff4bd8f000 	C:\WINDOWS\SYSTEM32\USERENV.dll
0x00007fff4bf00000 - 0x00007fff4bf0b000 	C:\WINDOWS\SYSTEM32\CRYPTBASE.dll
0x00007fff4b940000 - 0x00007fff4b978000 	C:\WINDOWS\SYSTEM32\IPHLPAPI.DLL
0x00007fff4dab0000 - 0x00007fff4dab8000 	C:\WINDOWS\System32\NSI.dll
0x00007fff477d0000 - 0x00007fff477e6000 	C:\WINDOWS\SYSTEM32\dhcpcsvc6.DLL
0x00007fff483c0000 - 0x00007fff483da000 	C:\WINDOWS\SYSTEM32\dhcpcsvc.DLL
0x00007fff48160000 - 0x00007fff4816a000 	C:\Users\‚±‚¤\AppData\Local\Temp\jansi-64-1-6156009873781099275.11
0x00007fff39b80000 - 0x00007fff39b96000 	C:\WINDOWS\system32\napinsp.dll
0x00007fff39ba0000 - 0x00007fff39bba000 	C:\WINDOWS\system32\pnrpnsp.dll
0x00007fff48a00000 - 0x00007fff48a18000 	C:\WINDOWS\system32\NLAapi.dll
0x00007fff4b980000 - 0x00007fff4ba20000 	C:\WINDOWS\SYSTEM32\DNSAPI.dll
0x00007fff39bc0000 - 0x00007fff39bce000 	C:\WINDOWS\System32\winrnr.dll
0x00007fff3f3a0000 - 0x00007fff3f3b7000 	C:\Windows\system32\wlidnsp.dll
0x00007fff3f390000 - 0x00007fff3f39a000 	C:\Windows\System32\rasadhlp.dll
0x00007fff45c20000 - 0x00007fff45c8a000 	C:\WINDOWS\System32\fwpuclnt.dll
0x0000000060560000 - 0x000000006056d000 	C:\LIB\Java\jdk1.8.0_111\jre\bin\management.dll

VM Arguments:
jvm_args: -XX:MetaspaceSize=64M -XX:MaxMetaspaceSize=256M -Dactivator.home=//c:/workspace/play-system-fusion2 
java_command: c:\workspace\play-system-fusion2\activator-launch-1.3.5.jar run 9001
java_class_path (initial): c:\workspace\play-system-fusion2\activator-launch-1.3.5.jar
Launcher Type: SUN_STANDARD

Environment Variables:
JAVA_HOME=C:\LIB\Java\jdk1.8.0_111
CLASSPATH=.
USERNAME=kou1miyazaki
OS=Windows_NT
PROCESSOR_IDENTIFIER=Intel64 Family 6 Model 55 Stepping 8, GenuineIntel



---------------  S Y S T E M  ---------------

OS: Windows 10.0 , 64 bit Build 14393 (10.0.14393.0)

CPU:total 2 (2 cores per cpu, 1 threads per core) family 6 model 55 stepping 8, cmov, cx8, fxsr, mmx, sse, sse2, sse3, ssse3, sse4.1, sse4.2, popcnt, clmul, erms, 3dnowpref, tsc, tscinvbit

Memory: 4k page, physical 4073664k(458076k free), swap 9316544k(3325640k free)

vm_info: Java HotSpot(TM) 64-Bit Server VM (25.111-b14) for windows-amd64 JRE (1.8.0_111-b14), built on Sep 22 2016 19:24:05 by "java_re" with MS VC++ 10.0 (VS2010)

time: Sat Dec 17 12:12:10 2016
elapsed time: 9951 seconds (0d 2h 45m 51s)

